<?xml version="1.0" encoding="UTF-8"?>
<!-- Generated by org.testng.reporters.JUnitReportReporter -->
<testsuite hostname="AIPL7864LT15523" failures="0" tests="6" name="testCases.LoginLogoutEndToEnd_TestCases" time="28.669" errors="0" timestamp="2025-02-26T13:34:39 IST" skipped="0">
  <testcase classname="testCases.LoginLogoutEndToEnd_TestCases" name="loginToApplication" time="1.069"/>
  <testcase classname="testCases.LoginLogoutEndToEnd_TestCases" name="verifyProductPageTitle" time="0.066"/>
  <testcase classname="testCases.LoginLogoutEndToEnd_TestCases" name="verifyDowndownValuesOfSortOnProductsPage" time="5.131"/>
  <testcase classname="testCases.LoginLogoutEndToEnd_TestCases" name="selectDowndownValues" time="5.738"/>
  <testcase classname="testCases.LoginLogoutEndToEnd_TestCases" name="addTwoItemsInCartRemoveOneCheckSummaryPage" time="6.421"/>
  <testcase classname="testCases.LoginLogoutEndToEnd_TestCases" name="logoutFromoApplication" time="10.244"/>
</testsuite> <!-- testCases.LoginLogoutEndToEnd_TestCases -->
